gcc: Code/IITdelivery/spark_x86_version2/code/spark_demo/SParK/Spark/include/dietlibc: No such file or directory
gcc: Code/IITdelivery/spark_x86_version2/code/spark_demo/SParK/Spark/include: No such file or directory
rtl_core.c:9: error: no include path in which to search for rtl_conf.h
rtl_core.c:10: error: no include path in which to search for arch/mprot.h
rtl_core.c:11: error: no include path in which to search for rtl_core.h
rtl_core.c:12: error: no include path in which to search for rtl_sync.h
rtl_core.c:16: warning: ‘struct pt_regs’ declared inside parameter list
rtl_core.c:16: warning: its scope is only this definition or declaration, which is probably not what you want
rtl_core.c: In function ‘rtl_request_global_irq’:
rtl_core.c:19: error: ‘rtl_global_handlers’ undeclared (first use in this function)
rtl_core.c:19: error: (Each undeclared identifier is reported only once
rtl_core.c:19: error: for each function it appears in.)
make[1]: *** [rtl_core.o] Error 1
gcc: Code/IITdelivery/spark_x86_version2/code/spark_demo/SParK/Spark/include/dietlibc: No such file or directory
gcc: Code/IITdelivery/spark_x86_version2/code/spark_demo/SParK/Spark/include: No such file or directory
init.c:5: error: no include path in which to search for rtl_tasks.h
init.c:6: error: no include path in which to search for rtl_sched.h
init.c:7: error: no include path in which to search for rtl_time.h
init.c:8: error: no include path in which to search for rtl_debug.h
init.c:9: error: no include path in which to search for rtl_posixio.h
init.c:10: error: no include path in which to search for rtl_conf.h
init.c:11: error: no include path in which to search for rtl_printf.h
init.c:12: error: no include path in which to search for sys/io.h
init.c:14: error: no include path in which to search for arch/rtl_io.h
init.c:15: error: no include path in which to search for rtl_pci.h
init.c:16: error: no include path in which to search for arch/pci1710.h
init.c:17: error: no include path in which to search for arch/pci82573v.h
init.c:37: warning: ‘struct pt_regs’ declared inside parameter list
init.c:37: warning: its scope is only this definition or declaration, which is probably not what you want
init.c: In function ‘start_kernel’:
init.c:106: error: ‘_i8254_clock’ undeclared (first use in this function)
init.c:106: error: (Each undeclared identifier is reported only once
init.c:106: error: for each function it appears in.)
make[1]: *** [init.o] Error 1
gcc: Code/IITdelivery/spark_x86_version2/code/spark_demo/SParK/Spark/include/dietlibc: No such file or directory
gcc: Code/IITdelivery/spark_x86_version2/code/spark_demo/SParK/Spark/include: No such file or directory
i386_kbd.c:11: error: no include path in which to search for rtl_conf.h
i386_kbd.c:14: error: no include path in which to search for rtl_devices.h
i386_kbd.c:15: error: no include path in which to search for rtl_posixio.h
i386_kbd.c:16: error: no include path in which to search for rtl_sync.h
i386_kbd.c:17: error: no include path in which to search for arch/kbd.h
i386_kbd.c:18: error: no include path in which to search for arch/rtl_io.h
i386_kbd.c:19: error: no include path in which to search for arch/vga.h
i386_kbd.c:20: error: no include path in which to search for arch/rtl_screen.h
i386_kbd.c:21: error: no include path in which to search for arch/hw_irq.h
i386_kbd.c:22: error: no include path in which to search for pthread.h
i386_kbd.c:23: error: no include path in which to search for errno.h
i386_kbd.c:24: error: no include path in which to search for rtl_printf.h
i386_kbd.c:40: error: ‘ACTIVATED’ undeclared here (not in a function)
i386_kbd.c:131: error: ‘DEACTIVATED’ undeclared here (not in a function)
i386_kbd.c:234: error: expected ‘=’, ‘,’, ‘;’, ‘asm’ or ‘__attribute__’ before ‘tty_read’
i386_kbd.c:247: error: expected ‘=’, ‘,’, ‘;’, ‘asm’ or ‘__attribute__’ before ‘tty_write’
i386_kbd.c:252: warning: ‘struct rtl_file’ declared inside parameter list
i386_kbd.c:252: warning: its scope is only this definition or declaration, which is probably not what you want
i386_kbd.c:256: warning: ‘struct rtl_file’ declared inside parameter list
i386_kbd.c:260: error: variable ‘rtl_tty_fops’ has initializer but incomplete type
i386_kbd.c:261: error: ‘NULL’ undeclared here (not in a function)
i386_kbd.c:261: warning: excess elements in struct initializer
i386_kbd.c:261: warning: (near initialization for ‘rtl_tty_fops’)
i386_kbd.c:262: error: ‘tty_read’ undeclared here (not in a function)
i386_kbd.c:262: warning: excess elements in struct initializer
i386_kbd.c:262: warning: (near initialization for ‘rtl_tty_fops’)
i386_kbd.c:263: error: ‘tty_write’ undeclared here (not in a function)
i386_kbd.c:263: warning: excess elements in struct initializer
i386_kbd.c:263: warning: (near initialization for ‘rtl_tty_fops’)
i386_kbd.c:264: warning: excess elements in struct initializer
i386_kbd.c:264: warning: (near initialization for ‘rtl_tty_fops’)
i386_kbd.c:265: warning: excess elements in struct initializer
i386_kbd.c:265: warning: (near initialization for ‘rtl_tty_fops’)
i386_kbd.c:266: warning: excess elements in struct initializer
i386_kbd.c:266: warning: (near initialization for ‘rtl_tty_fops’)
i386_kbd.c:268: warning: excess elements in struct initializer
i386_kbd.c:268: warning: (near initialization for ‘rtl_tty_fops’)
i386_kbd.c:272: warning: ‘struct pt_regs’ declared inside parameter list
i386_kbd.c: In function ‘keyboardhandler’:
i386_kbd.c:281: error: ‘kbd_guest_os’ undeclared (first use in this function)
i386_kbd.c:281: error: (Each undeclared identifier is reported only once
i386_kbd.c:281: error: for each function it appears in.)
i386_kbd.c:281: error: ‘iCurrGuestOsIndex’ undeclared (first use in this function)
i386_kbd.c:282: error: ‘kbd_data_gos’ undeclared (first use in this function)
i386_kbd.c: In function ‘init_i386_kbd’:
i386_kbd.c:307: error: ‘KEYBOARD_IRQ’ undeclared (first use in this function)
i386_kbd.c:310: error: ‘I386_KBD_MAJOR’ undeclared (first use in this function)
i386_kbd.c:311: error: ‘EIO’ undeclared (first use in this function)
make[1]: *** [i386_kbd.o] Error 1
gcc: Code/IITdelivery/spark_x86_version2/code/spark_demo/SParK/Spark/include/dietlibc: No such file or directory
gcc: Code/IITdelivery/spark_x86_version2/code/spark_demo/SParK/Spark/include: No such file or directory
rtl_posixio.c:16: error: no include path in which to search for rtl_conf.h
rtl_posixio.c:17: error: no include path in which to search for arch/mprot.h
rtl_posixio.c:18: error: no include path in which to search for rtl_time.h
rtl_posixio.c:19: error: no include path in which to search for rtl_posixio.h
rtl_posixio.c:20: error: no include path in which to search for rtl_devices.h
rtl_posixio.c:22: error: no include path in which to search for sys/mman.h
rtl_posixio.c:23: error: no include path in which to search for ctype.h
rtl_posixio.c:24: error: no include path in which to search for errno.h
rtl_posixio.c:25: error: no include path in which to search for unistd.h
rtl_posixio.c:26: error: no include path in which to search for stdlib.h
make[1]: *** [rtl_posixio.o] Error 1
gcc: Code/IITdelivery/spark_x86_version2/code/spark_demo/SParK/Spark/include/dietlibc: No such file or directory
gcc: Code/IITdelivery/spark_x86_version2/code/spark_demo/SParK/Spark/include: No such file or directory
rtl_sched.c:6: error: no include path in which to search for arch/rtl_switch.h
rtl_sched.c:7: error: no include path in which to search for arch/processor.h
rtl_sched.c:8: error: no include path in which to search for rtl_conf.h
rtl_sched.c:9: error: no include path in which to search for rtl_printf.h
rtl_sched.c:10: error: no include path in which to search for arch/kbd.h
rtl_sched.c:17: error: ‘NUM_OF_GUESTOS’ undeclared here (not in a function)
rtl_sched.c:37: error: ‘MAX_NO_OF_SWITCHES’ undeclared here (not in a function)
rtl_sched.c: In function ‘fGetNextGOSToSchedule’:
rtl_sched.c:135: error: ‘guestOS_thread’ undeclared (first use in this function)
rtl_sched.c:135: error: (Each undeclared identifier is reported only once
rtl_sched.c:135: error: for each function it appears in.)
rtl_sched.c:141: error: ‘NULL’ undeclared (first use in this function)
rtl_sched.c: In function ‘spark_switch_to’:
rtl_sched.c:148: error: ‘guestOS_thread’ undeclared (first use in this function)
rtl_sched.c:149: error: dereferencing pointer to incomplete type
rtl_sched.c:151: error: dereferencing pointer to incomplete type
rtl_sched.c:151: error: ‘_i8254_clock’ undeclared (first use in this function)
rtl_sched.c:155: error: ‘kbd_guest_os’ undeclared (first use in this function)
rtl_sched.c:156: error: ‘kbd_data_gos’ undeclared (first use in this function)
rtl_sched.c:156: error: ‘spark_kbd_data’ undeclared (first use in this function)
rtl_sched.c: In function ‘spark_schedule’:
rtl_sched.c:169: error: ‘hrtime_t’ undeclared (first use in this function)
rtl_sched.c:169: error: expected ‘;’ before ‘now’
rtl_sched.c:221: error: ‘NULL’ undeclared (first use in this function)
rtl_sched.c:233: error: ‘guestOS_thread’ undeclared (first use in this function)
rtl_sched.c: In function ‘current_gos_schedule’:
rtl_sched.c:278: error: ‘c_s_run_no’ undeclared (first use in this function)
rtl_sched.c:279: error: ‘current_schedule’ undeclared (first use in this function)
make[1]: *** [rtl_sched.o] Error 1
gcc: Code/IITdelivery/spark_x86_version2/code/spark_demo/SParK/Spark/include/dietlibc: No such file or directory
gcc: Code/IITdelivery/spark_x86_version2/code/spark_demo/SParK/Spark/include: No such file or directory
utility.c:7: error: no include path in which to search for guests.h
utility.c: In function ‘copyGuestOS’:
utility.c:19: error: ‘MEMORY_ALLOTED_TO_SPARK’ undeclared (first use in this function)
utility.c:19: error: (Each undeclared identifier is reported only once
utility.c:19: error: for each function it appears in.)
utility.c:23: error: ‘MEMORY_ALLOTED_TO_EACH_GUEST’ undeclared (first use in this function)
make[1]: *** [utility.o] Error 1
gcc: Code/IITdelivery/spark_x86_version2/code/spark_demo/SParK/Spark/include/dietlibc: No such file or directory
gcc: Code/IITdelivery/spark_x86_version2/code/spark_demo/SParK/Spark/include: No such file or directory
rand.c:1: error: no include path in which to search for stdlib.h
make[2]: *** [rand.o] Error 1
make[1]: *** [all] Error 2
gcc: Code/IITdelivery/spark_x86_version2/code/spark_demo/SParK/Spark/include/dietlibc: No such file or directory
gcc: Code/IITdelivery/spark_x86_version2/code/spark_demo/SParK/Spark/include: No such file or directory
gcc: Code/IITdelivery/spark_x86_version2/code/spark_demo/SParK/Spark/include: No such file or directory
setup.c:9: error: no include path in which to search for arch/rtl_io.h
setup.c:10: error: no include path in which to search for arch/hw_irq.h
setup.c:11: error: no include path in which to search for arch/linkage.h
setup.c:12: error: no include path in which to search for arch/segment.h
setup.c:13: error: no include path in which to search for arch/timer.h
setup.c:14: error: no include path in which to search for arch/mprot.h
setup.c:15: error: no include path in which to search for rtl_core.h
setup.c:16: error: no include path in which to search for rtl_conf.h
setup.c:17: error: no include path in which to search for arch/processor.h
setup.c:18: error: no include path in which to search for rtl_printf.h
setup.c:19: error: no include path in which to search for sys/io.h
setup.c:20: error: no include path in which to search for rtl_sched.h
setup.c:22: error: expected ‘=’, ‘,’, ‘;’, ‘asm’ or ‘__attribute__’ before ‘int’
setup.c: In function ‘DEF_DEFAULT_IRQ’:
setup.c:41: error: expected declaration specifiers before ‘BUILD_RET_FROM_INTR’
setup.c:63: error: expected declaration specifiers before ‘__asm__’
setup.c:64: error: expected declaration specifiers before ‘asmlinkage’
setup.c:82: error: expected declaration specifiers before ‘asmlinkage’
setup.c:92: error: expected declaration specifiers before ‘__asm__’
setup.c:93: error: expected declaration specifiers before ‘asmlinkage’
setup.c:108: error: parameter ‘cr2’ is initialized
setup.c:109: error: expected declaration specifiers before ‘asmlinkage’
setup.c:125: error: expected declaration specifiers before ‘__asm__’
setup.c:126: error: expected declaration specifiers before ‘asmlinkage’
setup.c:141: error: expected declaration specifiers before ‘BUILD_INT’
setup.c:170: error: expected declaration specifiers before ‘;’ token
setup.c:172: warning: empty declaration
setup.c:185: error: parameter ‘idttable’ is initialized
setup.c:185: warning: braces around scalar initializer
setup.c:185: warning: (near initialization for ‘idttable’)
setup.c:185: warning: excess elements in scalar initializer
setup.c:185: warning: (near initialization for ‘idttable’)
setup.c:189: error: expected ‘=’, ‘,’, ‘;’, ‘asm’ or ‘__attribute__’ before ‘{’ token
setup.c:197: error: expected declaration specifiers before ‘;’ token
setup.c:229: error: expected ‘=’, ‘,’, ‘;’, ‘asm’ or ‘__attribute__’ before ‘{’ token
setup.c:233: error: expected ‘=’, ‘,’, ‘;’, ‘asm’ or ‘__attribute__’ before ‘{’ token
setup.c:238: error: expected ‘=’, ‘,’, ‘;’, ‘asm’ or ‘__attribute__’ before ‘{’ token
setup.c:243: error: expected ‘=’, ‘,’, ‘;’, ‘asm’ or ‘__attribute__’ before ‘{’ token
setup.c:254: error: expected ‘=’, ‘,’, ‘;’, ‘asm’ or ‘__attribute__’ before ‘{’ token
setup.c:271: error: expected ‘=’, ‘,’, ‘;’, ‘asm’ or ‘__attribute__’ before ‘{’ token
setup.c:321: error: expected ‘=’, ‘,’, ‘;’, ‘asm’ or ‘__attribute__’ before ‘{’ token
setup.c:330: error: expected declaration specifiers before ‘asmlinkage’
setup.c:339: error: expected declaration specifiers before ‘asmlinkage’
setup.c:347: error: expected ‘=’, ‘,’, ‘;’, ‘asm’ or ‘__attribute__’ before ‘{’ token
setup.c:185: error: declaration for parameter ‘idttable’ but no such parameter
setup.c:108: error: declaration for parameter ‘cr2’ but no such parameter
setup.c:409: error: expected ‘{’ at end of input
make[1]: *** [setup.o] Error 1
gcc: Code/IITdelivery/spark_x86_version2/code/spark_demo/SParK/Spark/include/dietlibc: No such file or directory
gcc: Code/IITdelivery/spark_x86_version2/code/spark_demo/SParK/Spark/include: No such file or directory
In file included from TLSF_initialisation.c:19:
TLSF_nondep.h:19: error: no include path in which to search for rtl_malloc.h
In file included from TLSF_initialisation.c:19:
TLSF_nondep.h:21: error: no include path in which to search for asm/types.h
TLSF_nondep.h:76: error: expected specifier-qualifier-list before ‘__u8’
TLSF_nondep.h:115: error: expected specifier-qualifier-list before ‘__u32’
TLSF_nondep.h:133: error: expected specifier-qualifier-list before ‘__u32’
TLSF_nondep.h:142: error: expected specifier-qualifier-list before ‘__u32’
TLSF_nondep.h:172: error: expected ‘=’, ‘,’, ‘;’, ‘asm’ or ‘__attribute__’ before ‘beg_header_overhead’
TLSF_nondep.h:185: error: expected ‘=’, ‘,’, ‘;’, ‘asm’ or ‘__attribute__’ before ‘log2size’
TLSF_nondep.h:208: error: expected ‘=’, ‘,’, ‘;’, ‘asm’ or ‘__attribute__’ before ‘mapping_function’
TLSF_initialisation.c:21: error: expected ‘=’, ‘,’, ‘;’, ‘asm’ or ‘__attribute__’ before ‘beg_header_overhead’
TLSF_initialisation.c:22: error: ‘NULL’ undeclared here (not in a function)
TLSF_initialisation.c:34: error: expected declaration specifiers or ‘...’ before ‘size_t’
TLSF_initialisation.c: In function ‘init_memory_pool’:
TLSF_initialisation.c:35: error: ‘__s32’ undeclared (first use in this function)
TLSF_initialisation.c:35: error: (Each undeclared identifier is reported only once
TLSF_initialisation.c:35: error: for each function it appears in.)
TLSF_initialisation.c:35: error: expected ‘;’ before ‘n’
TLSF_initialisation.c:37: error: expected ‘;’ before ‘size_fl_sl_array’
TLSF_initialisation.c:43: error: ‘block_size’ undeclared (first use in this function)
TLSF_initialisation.c:60: error: ‘__u32’ undeclared (first use in this function)
TLSF_initialisation.c:60: error: expected ‘)’ before ‘block_ptr’
TLSF_initialisation.c:61: error: expected ‘)’ before ‘block_ptr’
TLSF_initialisation.c:70: error: ‘TLSF_t’ has no member named ‘magic_number’
TLSF_initialisation.c:74: error: ‘total_size’ undeclared (first use in this function)
TLSF_initialisation.c:76: error: ‘TLSF_t’ has no member named ‘max_sl_log2_index’
TLSF_initialisation.c:77: error: ‘TLSF_t’ has no member named ‘max_sl_index’
TLSF_initialisation.c:77: error: ‘TLSF_t’ has no member named ‘max_sl_log2_index’
TLSF_initialisation.c:79: error: ‘size_fl_sl_array’ undeclared (first use in this function)
TLSF_initialisation.c:79: error: expected ‘)’ before ‘sizeof’
TLSF_initialisation.c:87: error: ‘free_mem’ undeclared (first use in this function)
TLSF_initialisation.c:89: error: ‘MAX_FL_INDEX’ undeclared (first use in this function)
TLSF_initialisation.c:90: error: ‘n’ undeclared (first use in this function)
TLSF_initialisation.c:109: error: ‘TLSF_t’ has no member named ‘max_fl_index’
TLSF_initialisation.c:110: error: ‘TLSF_t’ has no member named ‘TLSF_max_struct_size’
TLSF_initialisation.c:110: error: ‘TLSF_t’ has no member named ‘max_fl_index’
TLSF_initialisation.c:116: error: ‘TLSF_t’ has no member named ‘max_fl_index’
TLSF_initialisation.c:118: error: ‘TLSF_t’ has no member named ‘fl_array’
TLSF_initialisation.c:119: error: ‘TLSF_t’ has no member named ‘fl_array’
TLSF_initialisation.c:120: error: expected ‘)’ before ‘sizeof’
TLSF_initialisation.c:125: error: ‘i’ undeclared (first use in this function)
TLSF_initialisation.c:126: error: ‘TLSF_t’ has no member named ‘fl_array’
TLSF_initialisation.c:127: error: expected ‘)’ before ‘ptr_TLSF’
TLSF_initialisation.c:128: error: expected ‘)’ before ‘sizeof’
TLSF_initialisation.c:138: error: expected expression before ‘)’ token
TLSF_initialisation.c:139: error: expected expression before ‘)’ token
TLSF_initialisation.c:141: error: ‘TLSF_t’ has no member named ‘following_non_cont_bh’
TLSF_initialisation.c:141: error: expected expression before ‘)’ token
TLSF_initialisation.c:142: error: expected expression before ‘)’ token
TLSF_initialisation.c:144: error: ‘TLSF_t’ has no member named ‘following_non_cont_bh’
TLSF_initialisation.c:146: error: ‘beg_header_overhead’ undeclared (first use in this function)
TLSF_initialisation.c:146: error: ‘block_header_t’ has no member named ‘ptr’
TLSF_initialisation.c:148: error: ‘TLSF_t’ has no member named ‘bitmapFL’
TLSF_initialisation.c:157: error: ‘block_header_t’ has no member named ‘size’
TLSF_initialisation.c:158: error: expected expression before ‘)’ token
TLSF_initialisation.c:166: error: ‘block_header_t’ has no member named ‘size’
TLSF_initialisation.c:168: error: ‘block_header_t’ has no member named ‘ptr’
TLSF_initialisation.c:169: error: ‘block_header_t’ has no member named ‘ptr’
TLSF_initialisation.c:170: error: ‘block_header_t’ has no member named ‘prev_phys_block’
TLSF_initialisation.c:172: error: ‘block_header_t’ has no member named ‘size’
TLSF_initialisation.c:175: error: ‘aux_size’ undeclared (first use in this function)
TLSF_initialisation.c:175: error: ‘block_header_t’ has no member named ‘size’
TLSF_initialisation.c:176: error: ‘TLSF_t’ has no member named ‘TLSF_max_struct_size’
TLSF_initialisation.c:177: error: ‘fl’ undeclared (first use in this function)
TLSF_initialisation.c:177: error: ‘sl’ undeclared (first use in this function)
TLSF_initialisation.c:177: error: ‘new_size’ undeclared (first use in this function)
TLSF_initialisation.c:179: error: ‘TLSF_t’ has no member named ‘max_fl_index’
TLSF_initialisation.c:180: error: ‘TLSF_t’ has no member named ‘max_sl_index’
TLSF_initialisation.c:187: error: ‘block_header_t’ has no member named ‘ptr’
TLSF_initialisation.c:188: error: ‘block_header_t’ has no member named ‘ptr’
TLSF_initialisation.c:189: error: ‘TLSF_t’ has no member named ‘fl_array’
TLSF_initialisation.c:190: error: ‘TLSF_t’ has no member named ‘fl_array’
TLSF_initialisation.c:191: error: ‘TLSF_t’ has no member named ‘bitmapFL’
TLSF_initialisation.c:193: error: ‘block_header_t’ has no member named ‘size’
make[1]: *** [TLSF_initialisation.o] Error 1
Makefile:13: /home/erts/Desktop/Spark: No such file or directory
Makefile:13: Code/IITdelivery/spark_x86_version2/code/spark_demo/SParK/Spark/rtl.mk: No such file or directory
make[1]: *** No rule to make target `Code/IITdelivery/spark_x86_version2/code/spark_demo/SParK/Spark/rtl.mk'.  Stop.
make: *** [modules] Error 2
